\BOOKMARK [1][-]{section.1}{\376\377\142\021\126\375\162\320\141\017\214\141\166\204\123\321\134\125\201\011\176\334}{}% 1
\BOOKMARK [2][-]{subsection.1.1}{\376\377\116\012\123\344\040\024\040\024\162\320\126\376\201\176\116\016\162\320\131\323\154\017}{section.1}% 2
\BOOKMARK [3][-]{subsubsection.1.1.1}{\376\377\227\122\116\030\116\113\162\320\116\016\131\052\166\236\117\017\177\262\154\017}{subsection.1.1}% 3
\BOOKMARK [3][-]{subsubsection.1.1.2}{\376\377\155\202\134\161\116\113\162\320\116\016\131\047\171\271}{subsection.1.1}% 4
\BOOKMARK [3][-]{subsubsection.1.1.3}{\376\377\131\262\135\361\116\016\147\011\202\317\154\017}{subsection.1.1}% 5
\BOOKMARK [3][-]{subsubsection.1.1.4}{\376\377\116\012\123\344\134\017\176\323}{subsection.1.1}% 6
\BOOKMARK [2][-]{subsection.1.2}{\376\377\146\045\171\313\142\030\126\375\040\024\040\024\162\320\210\330\116\016\162\320\131\323\154\017}{section.1}% 7
\BOOKMARK [3][-]{subsubsection.1.2.1}{\376\377\162\320\210\330\116\016\215\065\145\317}{subsection.1.2}% 8
\BOOKMARK [3][-]{subsubsection.1.2.2}{\376\377\146\045\171\313\142\030\126\375\145\366\166\204\162\320\131\323\154\017}{subsection.1.2}% 9
\BOOKMARK [3][-]{subsubsection.1.2.3}{\376\377\146\045\171\313\142\030\126\375\134\017\176\323}{subsection.1.2}% 10
\BOOKMARK [2][-]{subsection.1.3}{\376\377\154\111\040\024\040\024\214\066\176\254\133\146\213\364\060\001\211\177\163\213\153\315\117\341\116\360\116\016\162\320\131\226\204\014\202\275}{section.1}% 11
\BOOKMARK [3][-]{subsubsection.1.3.1}{\376\377\214\066\176\254\133\146\213\364\116\016\164\136\121\175\116\113\162\320}{subsection.1.3}% 12
\BOOKMARK [3][-]{subsubsection.1.3.2}{\376\377\211\177\163\213\153\315\117\341\116\360\116\016\164\136\121\175\116\113\162\320}{subsection.1.3}% 13
\BOOKMARK [3][-]{subsubsection.1.3.3}{\376\377\162\320\166\204\131\226\123\026}{subsection.1.3}% 14
\BOOKMARK [3][-]{subsubsection.1.3.4}{\376\377\154\111\116\343\134\017\176\323}{subsection.1.3}% 15
\BOOKMARK [2][-]{subsection.1.4}{\376\377\233\117\146\113\123\127\123\027\147\035\040\024\040\024\137\327\140\052\134\017\213\364\116\016\162\320\131\226\121\164\166\333}{section.1}% 16
\BOOKMARK [3][-]{subsubsection.1.4.1}{\376\377\116\255\145\105\116\213\116\016\162\320\166\204\131\226\123\026}{subsection.1.4}% 17
\BOOKMARK [3][-]{subsubsection.1.4.2}{\376\377\162\320\131\273\166\204\215\167\156\220}{subsection.1.4}% 18
\BOOKMARK [3][-]{subsubsection.1.4.3}{\376\377\164\136\121\175\116\113\162\320\166\204\121\164\210\160}{subsection.1.4}% 19
\BOOKMARK [3][-]{subsubsection.1.4.4}{\376\377\233\117\146\113\123\127\123\027\147\035\134\017\176\323}{subsection.1.4}% 20
\BOOKMARK [2][-]{subsection.1.5}{\376\377\125\020\040\024\040\024\200\341\131\354\137\123\127\206\116\016\162\320\132\232}{section.1}% 21
\BOOKMARK [3][-]{subsubsection.1.5.1}{\376\377\145\340\162\320\132\232\377\014\116\015\142\020\147\121}{subsection.1.5}% 22
\BOOKMARK [3][-]{subsubsection.1.5.2}{\376\377\162\320\131\163\116\016\200\341\131\354}{subsection.1.5}% 23
\BOOKMARK [3][-]{subsubsection.1.5.3}{\376\377\060\012\116\373\154\017\117\040\060\013\166\204\116\272\162\320\140\113}{subsection.1.5}% 24
\BOOKMARK [2][-]{subsection.1.6}{\376\377\176\323\213\355\377\010\146\202\145\366\377\011}{section.1}% 25
